# JRE version: OpenJDK Runtime Environment (8.0_152-b01) (build 1.8.0_152-release-915-b01)
# Java VM: OpenJDK 64-Bit Server VM (25.152-b01 mixed mode windows-amd64 compressed oops)
Heap:
 PSYoungGen      total 14336K, used 7392K [0x00000000feb00000, 0x0000000100000000, 0x0000000100000000)
  eden space 7168K, 100% used [0x00000000feb00000,0x00000000ff200000,0x00000000ff200000)
  from space 7168K, 3% used [0x00000000ff200000,0x00000000ff238000,0x00000000ff900000)
  to   space 7168K, 3% used [0x00000000ff900000,0x00000000ff938000,0x0000000100000000)
 ParOldGen       total 44032K, used 8779K [0x00000000fc000000, 0x00000000feb00000, 0x00000000feb00000)
  object space 44032K, 19% used [0x00000000fc000000,0x00000000fc892e48,0x00000000feb00000)
 Metaspace       used 8066K, capacity 8268K, committed 8448K, reserved 1056768K
  class space    used 908K, capacity 988K, committed 1024K, reserved 1048576K
GC Heap History (10 events):
Event: 2.015 GC heap after
Heap after GC invocations=3 (full 0):
 PSYoungGen      total 18944K, used 2544K [0x00000000feb00000, 0x0000000100000000, 0x0000000100000000)
  eden space 16384K, 0% used [0x00000000feb00000,0x00000000feb00000,0x00000000ffb00000)
  from space 2560K, 99% used [0x00000000ffb00000,0x00000000ffd7c1f8,0x00000000ffd80000)
  to   space 2560K, 0% used [0x00000000ffd80000,0x00000000ffd80000,0x0000000100000000)
 ParOldGen       total 44032K, used 6303K [0x00000000fc000000, 0x00000000feb00000, 0x00000000feb00000)
  object space 44032K, 14% used [0x00000000fc000000,0x00000000fc627cb0,0x00000000feb00000)
 Metaspace       used 7893K, capacity 8140K, committed 8192K, reserved 1056768K
  class space    used 903K, capacity 988K, committed 1024K, reserved 1048576K
}
Event: 2.484 GC heap before
{Heap before GC invocations=4 (full 0):
 PSYoungGen      total 18944K, used 18928K [0x00000000feb00000, 0x0000000100000000, 0x0000000100000000)
  eden space 16384K, 100% used [0x00000000feb00000,0x00000000ffb00000,0x00000000ffb00000)
  from space 2560K, 99% used [0x00000000ffb00000,0x00000000ffd7c1f8,0x00000000ffd80000)
  to   space 2560K, 0% used [0x00000000ffd80000,0x00000000ffd80000,0x0000000100000000)
 ParOldGen       total 44032K, used 6303K [0x00000000fc000000, 0x00000000feb00000, 0x00000000feb00000)
  object space 44032K, 14% used [0x00000000fc000000,0x00000000fc627cb0,0x00000000feb00000)
 Metaspace       used 8024K, capacity 8204K, committed 8448K, reserved 1056768K
  class space    used 907K, capacity 988K, committed 1024K, reserved 1048576K
Event: 2.526 GC heap after
Heap after GC invocations=4 (full 0):
 PSYoungGen      total 18944K, used 2496K [0x00000000feb00000, 0x0000000100000000, 0x0000000100000000)
  eden space 16384K, 0% used [0x00000000feb00000,0x00000000feb00000,0x00000000ffb00000)
  from space 2560K, 97% used [0x00000000ffd80000,0x00000000ffff0208,0x0000000100000000)
  to   space 2560K, 0% used [0x00000000ffb00000,0x00000000ffb00000,0x00000000ffd80000)
 ParOldGen       total 44032K, used 6311K [0x00000000fc000000, 0x00000000feb00000, 0x00000000feb00000)
  object space 44032K, 14% used [0x00000000fc000000,0x00000000fc629cb0,0x00000000feb00000)
 Metaspace       used 8024K, capacity 8204K, committed 8448K, reserved 1056768K
  class space    used 907K, capacity 988K, committed 1024K, reserved 1048576K
}
Event: 2.831 GC heap before
{Heap before GC invocations=5 (full 0):
 PSYoungGen      total 18944K, used 18880K [0x00000000feb00000, 0x0000000100000000, 0x0000000100000000)
  eden space 16384K, 100% used [0x00000000feb00000,0x00000000ffb00000,0x00000000ffb00000)
  from space 2560K, 97% used [0x00000000ffd80000,0x00000000ffff0208,0x0000000100000000)
  to   space 2560K, 0% used [0x00000000ffb00000,0x00000000ffb00000,0x00000000ffd80000)
 ParOldGen       total 44032K, used 6311K [0x00000000fc000000, 0x00000000feb00000, 0x00000000feb00000)
  object space 44032K, 14% used [0x00000000fc000000,0x00000000fc629cb0,0x00000000feb00000)
 Metaspace       used 8056K, capacity 8268K, committed 8448K, reserved 1056768K
  class space    used 908K, capacity 988K, committed 1024K, reserved 1048576K
Event: 2.872 GC heap after
Heap after GC invocations=5 (full 0):
 PSYoungGen      total 18944K, used 2528K [0x00000000feb00000, 0x0000000100000000, 0x0000000100000000)
  eden space 16384K, 0% used [0x00000000feb00000,0x00000000feb00000,0x00000000ffb00000)
  from space 2560K, 98% used [0x00000000ffb00000,0x00000000ffd78208,0x00000000ffd80000)
  to   space 2560K, 0% used [0x00000000ffd80000,0x00000000ffd80000,0x0000000100000000)
 ParOldGen       total 44032K, used 6367K [0x00000000fc000000, 0x00000000feb00000, 0x00000000feb00000)
  object space 44032K, 14% used [0x00000000fc000000,0x00000000fc637cb0,0x00000000feb00000)
 Metaspace       used 8056K, capacity 8268K, committed 8448K, reserved 1056768K
  class space    used 908K, capacity 988K, committed 1024K, reserved 1048576K
}
Event: 3.556 GC heap before
{Heap before GC invocations=6 (full 0):
 PSYoungGen      total 18944K, used 18912K [0x00000000feb00000, 0x0000000100000000, 0x0000000100000000)
  eden space 16384K, 100% used [0x00000000feb00000,0x00000000ffb00000,0x00000000ffb00000)
  from space 2560K, 98% used [0x00000000ffb00000,0x00000000ffd78208,0x00000000ffd80000)
  to   space 2560K, 0% used [0x00000000ffd80000,0x00000000ffd80000,0x0000000100000000)
 ParOldGen       total 44032K, used 6367K [0x00000000fc000000, 0x00000000feb00000, 0x00000000feb00000)
  object space 44032K, 14% used [0x00000000fc000000,0x00000000fc637cb0,0x00000000feb00000)
 Metaspace       used 8064K, capacity 8268K, committed 8448K, reserved 1056768K
  class space    used 908K, capacity 988K, committed 1024K, reserved 1048576K
Event: 3.648 GC heap after
Heap after GC invocations=6 (full 0):
 PSYoungGen      total 9728K, used 2544K [0x00000000feb00000, 0x0000000100000000, 0x0000000100000000)
  eden space 7168K, 0% used [0x00000000feb00000,0x00000000feb00000,0x00000000ff200000)
  from space 2560K, 99% used [0x00000000ffd80000,0x00000000ffffc1f8,0x0000000100000000)
  to   space 7168K, 0% used [0x00000000ff200000,0x00000000ff200000,0x00000000ff900000)
 ParOldGen       total 44032K, used 6431K [0x00000000fc000000, 0x00000000feb00000, 0x00000000feb00000)
  object space 44032K, 14% used [0x00000000fc000000,0x00000000fc647cd0,0x00000000feb00000)
 Metaspace       used 8064K, capacity 8268K, committed 8448K, reserved 1056768K
  class space    used 908K, capacity 988K, committed 1024K, reserved 1048576K
}
Event: 3.783 GC heap before
{Heap before GC invocations=7 (full 0):
 PSYoungGen      total 9728K, used 9712K [0x00000000feb00000, 0x0000000100000000, 0x0000000100000000)
  eden space 7168K, 100% used [0x00000000feb00000,0x00000000ff200000,0x00000000ff200000)
  from space 2560K, 99% used [0x00000000ffd80000,0x00000000ffffc1f8,0x0000000100000000)
  to   space 7168K, 0% used [0x00000000ff200000,0x00000000ff200000,0x00000000ff900000)
 ParOldGen       total 44032K, used 6431K [0x00000000fc000000, 0x00000000feb00000, 0x00000000feb00000)
  object space 44032K, 14% used [0x00000000fc000000,0x00000000fc647cd0,0x00000000feb00000)
 Metaspace       used 8066K, capacity 8268K, committed 8448K, reserved 1056768K
  class space    used 908K, capacity 988K, committed 1024K, reserved 1048576K
Event: 3.872 GC heap after
Heap after GC invocations=7 (full 0):
 PSYoungGen      total 14336K, used 224K [0x00000000feb00000, 0x0000000100000000, 0x0000000100000000)
  eden space 7168K, 0% used [0x00000000feb00000,0x00000000feb00000,0x00000000ff200000)
  from space 7168K, 3% used [0x00000000ff200000,0x00000000ff238000,0x00000000ff900000)
  to   space 7168K, 0% used [0x00000000ff900000,0x00000000ff900000,0x0000000100000000)
 ParOldGen       total 44032K, used 8731K [0x00000000fc000000, 0x00000000feb00000, 0x00000000feb00000)
  object space 44032K, 19% used [0x00000000fc000000,0x00000000fc886e48,0x00000000feb00000)
 Metaspace       used 8066K, capacity 8268K, committed 8448K, reserved 1056768K
  class space    used 908K, capacity 988K, committed 1024K, reserved 1048576K
}
Event: 3.886 GC heap before
{Heap before GC invocations=8 (full 0):
 PSYoungGen      total 14336K, used 7392K [0x00000000feb00000, 0x0000000100000000, 0x0000000100000000)
  eden space 7168K, 100% used [0x00000000feb00000,0x00000000ff200000,0x00000000ff200000)
  from space 7168K, 3% used [0x00000000ff200000,0x00000000ff238000,0x00000000ff900000)
  to   space 7168K, 0% used [0x00000000ff900000,0x00000000ff900000,0x0000000100000000)
 ParOldGen       total 44032K, used 8731K [0x00000000fc000000, 0x00000000feb00000, 0x00000000feb00000)
  object space 44032K, 19% used [0x00000000fc000000,0x00000000fc886e48,0x00000000feb00000)
 Metaspace       used 8066K, capacity 8268K, committed 8448K, reserved 1056768K
  class space    used 908K, capacity 988K, committed 1024K, reserved 1048576K

